running egg_info
creating ../build/theta_pkgs/theta_pkgs.egg-info
writing ../build/theta_pkgs/theta_pkgs.egg-info/PKG-INFO
writing dependency_links to ../build/theta_pkgs/theta_pkgs.egg-info/dependency_links.txt
writing entry points to ../build/theta_pkgs/theta_pkgs.egg-info/entry_points.txt
writing requirements to ../build/theta_pkgs/theta_pkgs.egg-info/requires.txt
writing top-level names to ../build/theta_pkgs/theta_pkgs.egg-info/top_level.txt
writing manifest file '../build/theta_pkgs/theta_pkgs.egg-info/SOURCES.txt'
reading manifest file '../build/theta_pkgs/theta_pkgs.egg-info/SOURCES.txt'
writing manifest file '../build/theta_pkgs/theta_pkgs.egg-info/SOURCES.txt'
running build
running build_py
creating /home/mecarill/ros2_ws/src/build/theta_pkgs/build
creating /home/mecarill/ros2_ws/src/build/theta_pkgs/build/lib
creating /home/mecarill/ros2_ws/src/build/theta_pkgs/build/lib/theta_pkgs
copying theta_pkgs/depth_coord_extract.py -> /home/mecarill/ros2_ws/src/build/theta_pkgs/build/lib/theta_pkgs
copying theta_pkgs/__init__.py -> /home/mecarill/ros2_ws/src/build/theta_pkgs/build/lib/theta_pkgs
copying theta_pkgs/model_inference.py -> /home/mecarill/ros2_ws/src/build/theta_pkgs/build/lib/theta_pkgs
copying theta_pkgs/database_service.py -> /home/mecarill/ros2_ws/src/build/theta_pkgs/build/lib/theta_pkgs
copying theta_pkgs/model_inference (copy).py -> /home/mecarill/ros2_ws/src/build/theta_pkgs/build/lib/theta_pkgs
copying theta_pkgs/camera_output.py -> /home/mecarill/ros2_ws/src/build/theta_pkgs/build/lib/theta_pkgs
creating /home/mecarill/ros2_ws/src/build/theta_pkgs/build/lib/theta_pkgs/utils
copying theta_pkgs/utils/np_box_list_ops_test.py -> /home/mecarill/ros2_ws/src/build/theta_pkgs/build/lib/theta_pkgs/utils
copying theta_pkgs/utils/learning_schedules.py -> /home/mecarill/ros2_ws/src/build/theta_pkgs/build/lib/theta_pkgs/utils
copying theta_pkgs/utils/shape_utils.py -> /home/mecarill/ros2_ws/src/build/theta_pkgs/build/lib/theta_pkgs/utils
copying theta_pkgs/utils/context_manager_test.py -> /home/mecarill/ros2_ws/src/build/theta_pkgs/build/lib/theta_pkgs/utils
copying theta_pkgs/utils/learning_schedules_test.py -> /home/mecarill/ros2_ws/src/build/theta_pkgs/build/lib/theta_pkgs/utils
copying theta_pkgs/utils/per_image_vrd_evaluation.py -> /home/mecarill/ros2_ws/src/build/theta_pkgs/build/lib/theta_pkgs/utils
copying theta_pkgs/utils/dataset_util_test.py -> /home/mecarill/ros2_ws/src/build/theta_pkgs/build/lib/theta_pkgs/utils
copying theta_pkgs/utils/spatial_transform_ops_test.py -> /home/mecarill/ros2_ws/src/build/theta_pkgs/build/lib/theta_pkgs/utils
copying theta_pkgs/utils/np_box_ops_test.py -> /home/mecarill/ros2_ws/src/build/theta_pkgs/build/lib/theta_pkgs/utils
copying theta_pkgs/utils/__init__.py -> /home/mecarill/ros2_ws/src/build/theta_pkgs/build/lib/theta_pkgs/utils
copying theta_pkgs/utils/bifpn_utils.py -> /home/mecarill/ros2_ws/src/build/theta_pkgs/build/lib/theta_pkgs/utils
copying theta_pkgs/utils/patch_ops.py -> /home/mecarill/ros2_ws/src/build/theta_pkgs/build/lib/theta_pkgs/utils
copying theta_pkgs/utils/label_map_util_test.py -> /home/mecarill/ros2_ws/src/build/theta_pkgs/build/lib/theta_pkgs/utils
copying theta_pkgs/utils/colab_utils.py -> /home/mecarill/ros2_ws/src/build/theta_pkgs/build/lib/theta_pkgs/utils
copying theta_pkgs/utils/np_mask_ops.py -> /home/mecarill/ros2_ws/src/build/theta_pkgs/build/lib/theta_pkgs/utils
copying theta_pkgs/utils/metrics.py -> /home/mecarill/ros2_ws/src/build/theta_pkgs/build/lib/theta_pkgs/utils
copying theta_pkgs/utils/vrd_evaluation.py -> /home/mecarill/ros2_ws/src/build/theta_pkgs/build/lib/theta_pkgs/utils
copying theta_pkgs/utils/visualization_utils.py -> /home/mecarill/ros2_ws/src/build/theta_pkgs/build/lib/theta_pkgs/utils
copying theta_pkgs/utils/np_box_list.py -> /home/mecarill/ros2_ws/src/build/theta_pkgs/build/lib/theta_pkgs/utils
copying theta_pkgs/utils/ops.py -> /home/mecarill/ros2_ws/src/build/theta_pkgs/build/lib/theta_pkgs/utils
copying theta_pkgs/utils/dataset_util.py -> /home/mecarill/ros2_ws/src/build/theta_pkgs/build/lib/theta_pkgs/utils
copying theta_pkgs/utils/variables_helper_tf1_test.py -> /home/mecarill/ros2_ws/src/build/theta_pkgs/build/lib/theta_pkgs/utils
copying theta_pkgs/utils/autoaugment_utils.py -> /home/mecarill/ros2_ws/src/build/theta_pkgs/build/lib/theta_pkgs/utils
copying theta_pkgs/utils/vrd_evaluation_test.py -> /home/mecarill/ros2_ws/src/build/theta_pkgs/build/lib/theta_pkgs/utils
copying theta_pkgs/utils/np_box_list_ops.py -> /home/mecarill/ros2_ws/src/build/theta_pkgs/build/lib/theta_pkgs/utils
copying theta_pkgs/utils/json_utils_test.py -> /home/mecarill/ros2_ws/src/build/theta_pkgs/build/lib/theta_pkgs/utils
copying theta_pkgs/utils/variables_helper.py -> /home/mecarill/ros2_ws/src/build/theta_pkgs/build/lib/theta_pkgs/utils
copying theta_pkgs/utils/spatial_transform_ops.py -> /home/mecarill/ros2_ws/src/build/theta_pkgs/build/lib/theta_pkgs/utils
copying theta_pkgs/utils/tf_version.py -> /home/mecarill/ros2_ws/src/build/theta_pkgs/build/lib/theta_pkgs/utils
copying theta_pkgs/utils/target_assigner_utils.py -> /home/mecarill/ros2_ws/src/build/theta_pkgs/build/lib/theta_pkgs/utils
copying theta_pkgs/utils/patch_ops_test.py -> /home/mecarill/ros2_ws/src/build/theta_pkgs/build/lib/theta_pkgs/utils
copying theta_pkgs/utils/category_util_test.py -> /home/mecarill/ros2_ws/src/build/theta_pkgs/build/lib/theta_pkgs/utils
copying theta_pkgs/utils/test_case_test.py -> /home/mecarill/ros2_ws/src/build/theta_pkgs/build/lib/theta_pkgs/utils
copying theta_pkgs/utils/np_box_list_test.py -> /home/mecarill/ros2_ws/src/build/theta_pkgs/build/lib/theta_pkgs/utils
copying theta_pkgs/utils/category_util.py -> /home/mecarill/ros2_ws/src/build/theta_pkgs/build/lib/theta_pkgs/utils
copying theta_pkgs/utils/np_box_mask_list.py -> /home/mecarill/ros2_ws/src/build/theta_pkgs/build/lib/theta_pkgs/utils
copying theta_pkgs/utils/shape_utils_test.py -> /home/mecarill/ros2_ws/src/build/theta_pkgs/build/lib/theta_pkgs/utils
copying theta_pkgs/utils/test_case.py -> /home/mecarill/ros2_ws/src/build/theta_pkgs/build/lib/theta_pkgs/utils
copying theta_pkgs/utils/np_box_mask_list_ops_test.py -> /home/mecarill/ros2_ws/src/build/theta_pkgs/build/lib/theta_pkgs/utils
copying theta_pkgs/utils/metrics_test.py -> /home/mecarill/ros2_ws/src/build/theta_pkgs/build/lib/theta_pkgs/utils
copying theta_pkgs/utils/model_util_tf2_test.py -> /home/mecarill/ros2_ws/src/build/theta_pkgs/build/lib/theta_pkgs/utils
copying theta_pkgs/utils/ops_test.py -> /home/mecarill/ros2_ws/src/build/theta_pkgs/build/lib/theta_pkgs/utils
copying theta_pkgs/utils/config_util_test.py -> /home/mecarill/ros2_ws/src/build/theta_pkgs/build/lib/theta_pkgs/utils
copying theta_pkgs/utils/model_util.py -> /home/mecarill/ros2_ws/src/build/theta_pkgs/build/lib/theta_pkgs/utils
copying theta_pkgs/utils/static_shape_test.py -> /home/mecarill/ros2_ws/src/build/theta_pkgs/build/lib/theta_pkgs/utils
copying theta_pkgs/utils/label_map_util.py -> /home/mecarill/ros2_ws/src/build/theta_pkgs/build/lib/theta_pkgs/utils
copying theta_pkgs/utils/np_box_mask_list_ops.py -> /home/mecarill/ros2_ws/src/build/theta_pkgs/build/lib/theta_pkgs/utils
copying theta_pkgs/utils/context_manager.py -> /home/mecarill/ros2_ws/src/build/theta_pkgs/build/lib/theta_pkgs/utils
copying theta_pkgs/utils/visualization_utils_test.py -> /home/mecarill/ros2_ws/src/build/theta_pkgs/build/lib/theta_pkgs/utils
copying theta_pkgs/utils/np_mask_ops_test.py -> /home/mecarill/ros2_ws/src/build/theta_pkgs/build/lib/theta_pkgs/utils
copying theta_pkgs/utils/per_image_evaluation_test.py -> /home/mecarill/ros2_ws/src/build/theta_pkgs/build/lib/theta_pkgs/utils
copying theta_pkgs/utils/per_image_vrd_evaluation_test.py -> /home/mecarill/ros2_ws/src/build/theta_pkgs/build/lib/theta_pkgs/utils
copying theta_pkgs/utils/target_assigner_utils_test.py -> /home/mecarill/ros2_ws/src/build/theta_pkgs/build/lib/theta_pkgs/utils
copying theta_pkgs/utils/test_utils_test.py -> /home/mecarill/ros2_ws/src/build/theta_pkgs/build/lib/theta_pkgs/utils
copying theta_pkgs/utils/np_box_ops.py -> /home/mecarill/ros2_ws/src/build/theta_pkgs/build/lib/theta_pkgs/utils
copying theta_pkgs/utils/static_shape.py -> /home/mecarill/ros2_ws/src/build/theta_pkgs/build/lib/theta_pkgs/utils
copying theta_pkgs/utils/config_util.py -> /home/mecarill/ros2_ws/src/build/theta_pkgs/build/lib/theta_pkgs/utils
copying theta_pkgs/utils/json_utils.py -> /home/mecarill/ros2_ws/src/build/theta_pkgs/build/lib/theta_pkgs/utils
copying theta_pkgs/utils/object_detection_evaluation.py -> /home/mecarill/ros2_ws/src/build/theta_pkgs/build/lib/theta_pkgs/utils
copying theta_pkgs/utils/per_image_evaluation.py -> /home/mecarill/ros2_ws/src/build/theta_pkgs/build/lib/theta_pkgs/utils
copying theta_pkgs/utils/object_detection_evaluation_test.py -> /home/mecarill/ros2_ws/src/build/theta_pkgs/build/lib/theta_pkgs/utils
copying theta_pkgs/utils/np_box_mask_list_test.py -> /home/mecarill/ros2_ws/src/build/theta_pkgs/build/lib/theta_pkgs/utils
copying theta_pkgs/utils/test_utils.py -> /home/mecarill/ros2_ws/src/build/theta_pkgs/build/lib/theta_pkgs/utils
creating /home/mecarill/ros2_ws/src/build/theta_pkgs/build/lib/theta_pkgs/object_detection
copying theta_pkgs/object_detection/exporter_lib_tf2_test.py -> /home/mecarill/ros2_ws/src/build/theta_pkgs/build/lib/theta_pkgs/object_detection
copying theta_pkgs/object_detection/model_hparams.py -> /home/mecarill/ros2_ws/src/build/theta_pkgs/build/lib/theta_pkgs/object_detection
copying theta_pkgs/object_detection/export_tflite_ssd_graph.py -> /home/mecarill/ros2_ws/src/build/theta_pkgs/build/lib/theta_pkgs/object_detection
copying theta_pkgs/object_detection/exporter.py -> /home/mecarill/ros2_ws/src/build/theta_pkgs/build/lib/theta_pkgs/object_detection
copying theta_pkgs/object_detection/inputs.py -> /home/mecarill/ros2_ws/src/build/theta_pkgs/build/lib/theta_pkgs/object_detection
copying theta_pkgs/object_detection/exporter_lib_v2.py -> /home/mecarill/ros2_ws/src/build/theta_pkgs/build/lib/theta_pkgs/object_detection
copying theta_pkgs/object_detection/export_tflite_ssd_graph_lib.py -> /home/mecarill/ros2_ws/src/build/theta_pkgs/build/lib/theta_pkgs/object_detection
copying theta_pkgs/object_detection/__init__.py -> /home/mecarill/ros2_ws/src/build/theta_pkgs/build/lib/theta_pkgs/object_detection
copying theta_pkgs/object_detection/model_lib_tf2_test.py -> /home/mecarill/ros2_ws/src/build/theta_pkgs/build/lib/theta_pkgs/object_detection
copying theta_pkgs/object_detection/model_main_tf2.py -> /home/mecarill/ros2_ws/src/build/theta_pkgs/build/lib/theta_pkgs/object_detection
copying theta_pkgs/object_detection/model_lib_v2.py -> /home/mecarill/ros2_ws/src/build/theta_pkgs/build/lib/theta_pkgs/object_detection
copying theta_pkgs/object_detection/model_lib_tf1_test.py -> /home/mecarill/ros2_ws/src/build/theta_pkgs/build/lib/theta_pkgs/object_detection
copying theta_pkgs/object_detection/eval_util.py -> /home/mecarill/ros2_ws/src/build/theta_pkgs/build/lib/theta_pkgs/object_detection
copying theta_pkgs/object_detection/inputs_test.py -> /home/mecarill/ros2_ws/src/build/theta_pkgs/build/lib/theta_pkgs/object_detection
copying theta_pkgs/object_detection/exporter_tf1_test.py -> /home/mecarill/ros2_ws/src/build/theta_pkgs/build/lib/theta_pkgs/object_detection
copying theta_pkgs/object_detection/export_inference_graph.py -> /home/mecarill/ros2_ws/src/build/theta_pkgs/build/lib/theta_pkgs/object_detection
copying theta_pkgs/object_detection/model_tpu_main.py -> /home/mecarill/ros2_ws/src/build/theta_pkgs/build/lib/theta_pkgs/object_detection
copying theta_pkgs/object_detection/model_main.py -> /home/mecarill/ros2_ws/src/build/theta_pkgs/build/lib/theta_pkgs/object_detection
copying theta_pkgs/object_detection/exporter_main_v2.py -> /home/mecarill/ros2_ws/src/build/theta_pkgs/build/lib/theta_pkgs/object_detection
copying theta_pkgs/object_detection/eval_util_test.py -> /home/mecarill/ros2_ws/src/build/theta_pkgs/build/lib/theta_pkgs/object_detection
copying theta_pkgs/object_detection/model_lib.py -> /home/mecarill/ros2_ws/src/build/theta_pkgs/build/lib/theta_pkgs/object_detection
copying theta_pkgs/object_detection/export_tflite_ssd_graph_lib_tf1_test.py -> /home/mecarill/ros2_ws/src/build/theta_pkgs/build/lib/theta_pkgs/object_detection
running install
running install_lib
creating /home/mecarill/ros2_ws/src/install/theta_pkgs/lib/python3.8/site-packages/theta_pkgs
copying /home/mecarill/ros2_ws/src/build/theta_pkgs/build/lib/theta_pkgs/depth_coord_extract.py -> /home/mecarill/ros2_ws/src/install/theta_pkgs/lib/python3.8/site-packages/theta_pkgs
copying /home/mecarill/ros2_ws/src/build/theta_pkgs/build/lib/theta_pkgs/__init__.py -> /home/mecarill/ros2_ws/src/install/theta_pkgs/lib/python3.8/site-packages/theta_pkgs
copying /home/mecarill/ros2_ws/src/build/theta_pkgs/build/lib/theta_pkgs/model_inference.py -> /home/mecarill/ros2_ws/src/install/theta_pkgs/lib/python3.8/site-packages/theta_pkgs
copying /home/mecarill/ros2_ws/src/build/theta_pkgs/build/lib/theta_pkgs/database_service.py -> /home/mecarill/ros2_ws/src/install/theta_pkgs/lib/python3.8/site-packages/theta_pkgs
copying /home/mecarill/ros2_ws/src/build/theta_pkgs/build/lib/theta_pkgs/model_inference (copy).py -> /home/mecarill/ros2_ws/src/install/theta_pkgs/lib/python3.8/site-packages/theta_pkgs
copying /home/mecarill/ros2_ws/src/build/theta_pkgs/build/lib/theta_pkgs/camera_output.py -> /home/mecarill/ros2_ws/src/install/theta_pkgs/lib/python3.8/site-packages/theta_pkgs
creating /home/mecarill/ros2_ws/src/install/theta_pkgs/lib/python3.8/site-packages/theta_pkgs/object_detection
copying /home/mecarill/ros2_ws/src/build/theta_pkgs/build/lib/theta_pkgs/object_detection/exporter_lib_tf2_test.py -> /home/mecarill/ros2_ws/src/install/theta_pkgs/lib/python3.8/site-packages/theta_pkgs/object_detection
copying /home/mecarill/ros2_ws/src/build/theta_pkgs/build/lib/theta_pkgs/object_detection/model_hparams.py -> /home/mecarill/ros2_ws/src/install/theta_pkgs/lib/python3.8/site-packages/theta_pkgs/object_detection
copying /home/mecarill/ros2_ws/src/build/theta_pkgs/build/lib/theta_pkgs/object_detection/export_tflite_ssd_graph.py -> /home/mecarill/ros2_ws/src/install/theta_pkgs/lib/python3.8/site-packages/theta_pkgs/object_detection
copying /home/mecarill/ros2_ws/src/build/theta_pkgs/build/lib/theta_pkgs/object_detection/exporter.py -> /home/mecarill/ros2_ws/src/install/theta_pkgs/lib/python3.8/site-packages/theta_pkgs/object_detection
copying /home/mecarill/ros2_ws/src/build/theta_pkgs/build/lib/theta_pkgs/object_detection/inputs.py -> /home/mecarill/ros2_ws/src/install/theta_pkgs/lib/python3.8/site-packages/theta_pkgs/object_detection
copying /home/mecarill/ros2_ws/src/build/theta_pkgs/build/lib/theta_pkgs/object_detection/exporter_lib_v2.py -> /home/mecarill/ros2_ws/src/install/theta_pkgs/lib/python3.8/site-packages/theta_pkgs/object_detection
copying /home/mecarill/ros2_ws/src/build/theta_pkgs/build/lib/theta_pkgs/object_detection/export_tflite_ssd_graph_lib.py -> /home/mecarill/ros2_ws/src/install/theta_pkgs/lib/python3.8/site-packages/theta_pkgs/object_detection
copying /home/mecarill/ros2_ws/src/build/theta_pkgs/build/lib/theta_pkgs/object_detection/__init__.py -> /home/mecarill/ros2_ws/src/install/theta_pkgs/lib/python3.8/site-packages/theta_pkgs/object_detection
copying /home/mecarill/ros2_ws/src/build/theta_pkgs/build/lib/theta_pkgs/object_detection/model_lib_tf2_test.py -> /home/mecarill/ros2_ws/src/install/theta_pkgs/lib/python3.8/site-packages/theta_pkgs/object_detection
copying /home/mecarill/ros2_ws/src/build/theta_pkgs/build/lib/theta_pkgs/object_detection/model_main_tf2.py -> /home/mecarill/ros2_ws/src/install/theta_pkgs/lib/python3.8/site-packages/theta_pkgs/object_detection
copying /home/mecarill/ros2_ws/src/build/theta_pkgs/build/lib/theta_pkgs/object_detection/model_lib_v2.py -> /home/mecarill/ros2_ws/src/install/theta_pkgs/lib/python3.8/site-packages/theta_pkgs/object_detection
copying /home/mecarill/ros2_ws/src/build/theta_pkgs/build/lib/theta_pkgs/object_detection/model_lib_tf1_test.py -> /home/mecarill/ros2_ws/src/install/theta_pkgs/lib/python3.8/site-packages/theta_pkgs/object_detection
copying /home/mecarill/ros2_ws/src/build/theta_pkgs/build/lib/theta_pkgs/object_detection/eval_util.py -> /home/mecarill/ros2_ws/src/install/theta_pkgs/lib/python3.8/site-packages/theta_pkgs/object_detection
copying /home/mecarill/ros2_ws/src/build/theta_pkgs/build/lib/theta_pkgs/object_detection/inputs_test.py -> /home/mecarill/ros2_ws/src/install/theta_pkgs/lib/python3.8/site-packages/theta_pkgs/object_detection
copying /home/mecarill/ros2_ws/src/build/theta_pkgs/build/lib/theta_pkgs/object_detection/exporter_tf1_test.py -> /home/mecarill/ros2_ws/src/install/theta_pkgs/lib/python3.8/site-packages/theta_pkgs/object_detection
copying /home/mecarill/ros2_ws/src/build/theta_pkgs/build/lib/theta_pkgs/object_detection/export_inference_graph.py -> /home/mecarill/ros2_ws/src/install/theta_pkgs/lib/python3.8/site-packages/theta_pkgs/object_detection
copying /home/mecarill/ros2_ws/src/build/theta_pkgs/build/lib/theta_pkgs/object_detection/model_tpu_main.py -> /home/mecarill/ros2_ws/src/install/theta_pkgs/lib/python3.8/site-packages/theta_pkgs/object_detection
copying /home/mecarill/ros2_ws/src/build/theta_pkgs/build/lib/theta_pkgs/object_detection/model_main.py -> /home/mecarill/ros2_ws/src/install/theta_pkgs/lib/python3.8/site-packages/theta_pkgs/object_detection
copying /home/mecarill/ros2_ws/src/build/theta_pkgs/build/lib/theta_pkgs/object_detection/exporter_main_v2.py -> /home/mecarill/ros2_ws/src/install/theta_pkgs/lib/python3.8/site-packages/theta_pkgs/object_detection
copying /home/mecarill/ros2_ws/src/build/theta_pkgs/build/lib/theta_pkgs/object_detection/eval_util_test.py -> /home/mecarill/ros2_ws/src/install/theta_pkgs/lib/python3.8/site-packages/theta_pkgs/object_detection
copying /home/mecarill/ros2_ws/src/build/theta_pkgs/build/lib/theta_pkgs/object_detection/model_lib.py -> /home/mecarill/ros2_ws/src/install/theta_pkgs/lib/python3.8/site-packages/theta_pkgs/object_detection
copying /home/mecarill/ros2_ws/src/build/theta_pkgs/build/lib/theta_pkgs/object_detection/export_tflite_ssd_graph_lib_tf1_test.py -> /home/mecarill/ros2_ws/src/install/theta_pkgs/lib/python3.8/site-packages/theta_pkgs/object_detection
creating /home/mecarill/ros2_ws/src/install/theta_pkgs/lib/python3.8/site-packages/theta_pkgs/utils
copying /home/mecarill/ros2_ws/src/build/theta_pkgs/build/lib/theta_pkgs/utils/np_box_list_ops_test.py -> /home/mecarill/ros2_ws/src/install/theta_pkgs/lib/python3.8/site-packages/theta_pkgs/utils
copying /home/mecarill/ros2_ws/src/build/theta_pkgs/build/lib/theta_pkgs/utils/learning_schedules.py -> /home/mecarill/ros2_ws/src/install/theta_pkgs/lib/python3.8/site-packages/theta_pkgs/utils
copying /home/mecarill/ros2_ws/src/build/theta_pkgs/build/lib/theta_pkgs/utils/shape_utils.py -> /home/mecarill/ros2_ws/src/install/theta_pkgs/lib/python3.8/site-packages/theta_pkgs/utils
copying /home/mecarill/ros2_ws/src/build/theta_pkgs/build/lib/theta_pkgs/utils/context_manager_test.py -> /home/mecarill/ros2_ws/src/install/theta_pkgs/lib/python3.8/site-packages/theta_pkgs/utils
copying /home/mecarill/ros2_ws/src/build/theta_pkgs/build/lib/theta_pkgs/utils/learning_schedules_test.py -> /home/mecarill/ros2_ws/src/install/theta_pkgs/lib/python3.8/site-packages/theta_pkgs/utils
copying /home/mecarill/ros2_ws/src/build/theta_pkgs/build/lib/theta_pkgs/utils/per_image_vrd_evaluation.py -> /home/mecarill/ros2_ws/src/install/theta_pkgs/lib/python3.8/site-packages/theta_pkgs/utils
copying /home/mecarill/ros2_ws/src/build/theta_pkgs/build/lib/theta_pkgs/utils/dataset_util_test.py -> /home/mecarill/ros2_ws/src/install/theta_pkgs/lib/python3.8/site-packages/theta_pkgs/utils
copying /home/mecarill/ros2_ws/src/build/theta_pkgs/build/lib/theta_pkgs/utils/spatial_transform_ops_test.py -> /home/mecarill/ros2_ws/src/install/theta_pkgs/lib/python3.8/site-packages/theta_pkgs/utils
copying /home/mecarill/ros2_ws/src/build/theta_pkgs/build/lib/theta_pkgs/utils/np_box_ops_test.py -> /home/mecarill/ros2_ws/src/install/theta_pkgs/lib/python3.8/site-packages/theta_pkgs/utils
copying /home/mecarill/ros2_ws/src/build/theta_pkgs/build/lib/theta_pkgs/utils/__init__.py -> /home/mecarill/ros2_ws/src/install/theta_pkgs/lib/python3.8/site-packages/theta_pkgs/utils
copying /home/mecarill/ros2_ws/src/build/theta_pkgs/build/lib/theta_pkgs/utils/bifpn_utils.py -> /home/mecarill/ros2_ws/src/install/theta_pkgs/lib/python3.8/site-packages/theta_pkgs/utils
copying /home/mecarill/ros2_ws/src/build/theta_pkgs/build/lib/theta_pkgs/utils/patch_ops.py -> /home/mecarill/ros2_ws/src/install/theta_pkgs/lib/python3.8/site-packages/theta_pkgs/utils
copying /home/mecarill/ros2_ws/src/build/theta_pkgs/build/lib/theta_pkgs/utils/label_map_util_test.py -> /home/mecarill/ros2_ws/src/install/theta_pkgs/lib/python3.8/site-packages/theta_pkgs/utils
copying /home/mecarill/ros2_ws/src/build/theta_pkgs/build/lib/theta_pkgs/utils/colab_utils.py -> /home/mecarill/ros2_ws/src/install/theta_pkgs/lib/python3.8/site-packages/theta_pkgs/utils
copying /home/mecarill/ros2_ws/src/build/theta_pkgs/build/lib/theta_pkgs/utils/np_mask_ops.py -> /home/mecarill/ros2_ws/src/install/theta_pkgs/lib/python3.8/site-packages/theta_pkgs/utils
copying /home/mecarill/ros2_ws/src/build/theta_pkgs/build/lib/theta_pkgs/utils/metrics.py -> /home/mecarill/ros2_ws/src/install/theta_pkgs/lib/python3.8/site-packages/theta_pkgs/utils
copying /home/mecarill/ros2_ws/src/build/theta_pkgs/build/lib/theta_pkgs/utils/vrd_evaluation.py -> /home/mecarill/ros2_ws/src/install/theta_pkgs/lib/python3.8/site-packages/theta_pkgs/utils
copying /home/mecarill/ros2_ws/src/build/theta_pkgs/build/lib/theta_pkgs/utils/visualization_utils.py -> /home/mecarill/ros2_ws/src/install/theta_pkgs/lib/python3.8/site-packages/theta_pkgs/utils
copying /home/mecarill/ros2_ws/src/build/theta_pkgs/build/lib/theta_pkgs/utils/np_box_list.py -> /home/mecarill/ros2_ws/src/install/theta_pkgs/lib/python3.8/site-packages/theta_pkgs/utils
copying /home/mecarill/ros2_ws/src/build/theta_pkgs/build/lib/theta_pkgs/utils/ops.py -> /home/mecarill/ros2_ws/src/install/theta_pkgs/lib/python3.8/site-packages/theta_pkgs/utils
copying /home/mecarill/ros2_ws/src/build/theta_pkgs/build/lib/theta_pkgs/utils/dataset_util.py -> /home/mecarill/ros2_ws/src/install/theta_pkgs/lib/python3.8/site-packages/theta_pkgs/utils
copying /home/mecarill/ros2_ws/src/build/theta_pkgs/build/lib/theta_pkgs/utils/variables_helper_tf1_test.py -> /home/mecarill/ros2_ws/src/install/theta_pkgs/lib/python3.8/site-packages/theta_pkgs/utils
copying /home/mecarill/ros2_ws/src/build/theta_pkgs/build/lib/theta_pkgs/utils/autoaugment_utils.py -> /home/mecarill/ros2_ws/src/install/theta_pkgs/lib/python3.8/site-packages/theta_pkgs/utils
copying /home/mecarill/ros2_ws/src/build/theta_pkgs/build/lib/theta_pkgs/utils/vrd_evaluation_test.py -> /home/mecarill/ros2_ws/src/install/theta_pkgs/lib/python3.8/site-packages/theta_pkgs/utils
copying /home/mecarill/ros2_ws/src/build/theta_pkgs/build/lib/theta_pkgs/utils/np_box_list_ops.py -> /home/mecarill/ros2_ws/src/install/theta_pkgs/lib/python3.8/site-packages/theta_pkgs/utils
copying /home/mecarill/ros2_ws/src/build/theta_pkgs/build/lib/theta_pkgs/utils/json_utils_test.py -> /home/mecarill/ros2_ws/src/install/theta_pkgs/lib/python3.8/site-packages/theta_pkgs/utils
copying /home/mecarill/ros2_ws/src/build/theta_pkgs/build/lib/theta_pkgs/utils/variables_helper.py -> /home/mecarill/ros2_ws/src/install/theta_pkgs/lib/python3.8/site-packages/theta_pkgs/utils
copying /home/mecarill/ros2_ws/src/build/theta_pkgs/build/lib/theta_pkgs/utils/spatial_transform_ops.py -> /home/mecarill/ros2_ws/src/install/theta_pkgs/lib/python3.8/site-packages/theta_pkgs/utils
copying /home/mecarill/ros2_ws/src/build/theta_pkgs/build/lib/theta_pkgs/utils/tf_version.py -> /home/mecarill/ros2_ws/src/install/theta_pkgs/lib/python3.8/site-packages/theta_pkgs/utils
copying /home/mecarill/ros2_ws/src/build/theta_pkgs/build/lib/theta_pkgs/utils/target_assigner_utils.py -> /home/mecarill/ros2_ws/src/install/theta_pkgs/lib/python3.8/site-packages/theta_pkgs/utils
copying /home/mecarill/ros2_ws/src/build/theta_pkgs/build/lib/theta_pkgs/utils/patch_ops_test.py -> /home/mecarill/ros2_ws/src/install/theta_pkgs/lib/python3.8/site-packages/theta_pkgs/utils
copying /home/mecarill/ros2_ws/src/build/theta_pkgs/build/lib/theta_pkgs/utils/category_util_test.py -> /home/mecarill/ros2_ws/src/install/theta_pkgs/lib/python3.8/site-packages/theta_pkgs/utils
copying /home/mecarill/ros2_ws/src/build/theta_pkgs/build/lib/theta_pkgs/utils/test_case_test.py -> /home/mecarill/ros2_ws/src/install/theta_pkgs/lib/python3.8/site-packages/theta_pkgs/utils
copying /home/mecarill/ros2_ws/src/build/theta_pkgs/build/lib/theta_pkgs/utils/np_box_list_test.py -> /home/mecarill/ros2_ws/src/install/theta_pkgs/lib/python3.8/site-packages/theta_pkgs/utils
copying /home/mecarill/ros2_ws/src/build/theta_pkgs/build/lib/theta_pkgs/utils/category_util.py -> /home/mecarill/ros2_ws/src/install/theta_pkgs/lib/python3.8/site-packages/theta_pkgs/utils
copying /home/mecarill/ros2_ws/src/build/theta_pkgs/build/lib/theta_pkgs/utils/np_box_mask_list.py -> /home/mecarill/ros2_ws/src/install/theta_pkgs/lib/python3.8/site-packages/theta_pkgs/utils
copying /home/mecarill/ros2_ws/src/build/theta_pkgs/build/lib/theta_pkgs/utils/shape_utils_test.py -> /home/mecarill/ros2_ws/src/install/theta_pkgs/lib/python3.8/site-packages/theta_pkgs/utils
copying /home/mecarill/ros2_ws/src/build/theta_pkgs/build/lib/theta_pkgs/utils/test_case.py -> /home/mecarill/ros2_ws/src/install/theta_pkgs/lib/python3.8/site-packages/theta_pkgs/utils
copying /home/mecarill/ros2_ws/src/build/theta_pkgs/build/lib/theta_pkgs/utils/np_box_mask_list_ops_test.py -> /home/mecarill/ros2_ws/src/install/theta_pkgs/lib/python3.8/site-packages/theta_pkgs/utils
copying /home/mecarill/ros2_ws/src/build/theta_pkgs/build/lib/theta_pkgs/utils/metrics_test.py -> /home/mecarill/ros2_ws/src/install/theta_pkgs/lib/python3.8/site-packages/theta_pkgs/utils
copying /home/mecarill/ros2_ws/src/build/theta_pkgs/build/lib/theta_pkgs/utils/model_util_tf2_test.py -> /home/mecarill/ros2_ws/src/install/theta_pkgs/lib/python3.8/site-packages/theta_pkgs/utils
copying /home/mecarill/ros2_ws/src/build/theta_pkgs/build/lib/theta_pkgs/utils/ops_test.py -> /home/mecarill/ros2_ws/src/install/theta_pkgs/lib/python3.8/site-packages/theta_pkgs/utils
copying /home/mecarill/ros2_ws/src/build/theta_pkgs/build/lib/theta_pkgs/utils/config_util_test.py -> /home/mecarill/ros2_ws/src/install/theta_pkgs/lib/python3.8/site-packages/theta_pkgs/utils
copying /home/mecarill/ros2_ws/src/build/theta_pkgs/build/lib/theta_pkgs/utils/model_util.py -> /home/mecarill/ros2_ws/src/install/theta_pkgs/lib/python3.8/site-packages/theta_pkgs/utils
copying /home/mecarill/ros2_ws/src/build/theta_pkgs/build/lib/theta_pkgs/utils/static_shape_test.py -> /home/mecarill/ros2_ws/src/install/theta_pkgs/lib/python3.8/site-packages/theta_pkgs/utils
copying /home/mecarill/ros2_ws/src/build/theta_pkgs/build/lib/theta_pkgs/utils/label_map_util.py -> /home/mecarill/ros2_ws/src/install/theta_pkgs/lib/python3.8/site-packages/theta_pkgs/utils
copying /home/mecarill/ros2_ws/src/build/theta_pkgs/build/lib/theta_pkgs/utils/np_box_mask_list_ops.py -> /home/mecarill/ros2_ws/src/install/theta_pkgs/lib/python3.8/site-packages/theta_pkgs/utils
copying /home/mecarill/ros2_ws/src/build/theta_pkgs/build/lib/theta_pkgs/utils/context_manager.py -> /home/mecarill/ros2_ws/src/install/theta_pkgs/lib/python3.8/site-packages/theta_pkgs/utils
copying /home/mecarill/ros2_ws/src/build/theta_pkgs/build/lib/theta_pkgs/utils/visualization_utils_test.py -> /home/mecarill/ros2_ws/src/install/theta_pkgs/lib/python3.8/site-packages/theta_pkgs/utils
copying /home/mecarill/ros2_ws/src/build/theta_pkgs/build/lib/theta_pkgs/utils/np_mask_ops_test.py -> /home/mecarill/ros2_ws/src/install/theta_pkgs/lib/python3.8/site-packages/theta_pkgs/utils
copying /home/mecarill/ros2_ws/src/build/theta_pkgs/build/lib/theta_pkgs/utils/per_image_evaluation_test.py -> /home/mecarill/ros2_ws/src/install/theta_pkgs/lib/python3.8/site-packages/theta_pkgs/utils
copying /home/mecarill/ros2_ws/src/build/theta_pkgs/build/lib/theta_pkgs/utils/per_image_vrd_evaluation_test.py -> /home/mecarill/ros2_ws/src/install/theta_pkgs/lib/python3.8/site-packages/theta_pkgs/utils
copying /home/mecarill/ros2_ws/src/build/theta_pkgs/build/lib/theta_pkgs/utils/target_assigner_utils_test.py -> /home/mecarill/ros2_ws/src/install/theta_pkgs/lib/python3.8/site-packages/theta_pkgs/utils
copying /home/mecarill/ros2_ws/src/build/theta_pkgs/build/lib/theta_pkgs/utils/test_utils_test.py -> /home/mecarill/ros2_ws/src/install/theta_pkgs/lib/python3.8/site-packages/theta_pkgs/utils
copying /home/mecarill/ros2_ws/src/build/theta_pkgs/build/lib/theta_pkgs/utils/np_box_ops.py -> /home/mecarill/ros2_ws/src/install/theta_pkgs/lib/python3.8/site-packages/theta_pkgs/utils
copying /home/mecarill/ros2_ws/src/build/theta_pkgs/build/lib/theta_pkgs/utils/static_shape.py -> /home/mecarill/ros2_ws/src/install/theta_pkgs/lib/python3.8/site-packages/theta_pkgs/utils
copying /home/mecarill/ros2_ws/src/build/theta_pkgs/build/lib/theta_pkgs/utils/config_util.py -> /home/mecarill/ros2_ws/src/install/theta_pkgs/lib/python3.8/site-packages/theta_pkgs/utils
copying /home/mecarill/ros2_ws/src/build/theta_pkgs/build/lib/theta_pkgs/utils/json_utils.py -> /home/mecarill/ros2_ws/src/install/theta_pkgs/lib/python3.8/site-packages/theta_pkgs/utils
copying /home/mecarill/ros2_ws/src/build/theta_pkgs/build/lib/theta_pkgs/utils/object_detection_evaluation.py -> /home/mecarill/ros2_ws/src/install/theta_pkgs/lib/python3.8/site-packages/theta_pkgs/utils
copying /home/mecarill/ros2_ws/src/build/theta_pkgs/build/lib/theta_pkgs/utils/per_image_evaluation.py -> /home/mecarill/ros2_ws/src/install/theta_pkgs/lib/python3.8/site-packages/theta_pkgs/utils
copying /home/mecarill/ros2_ws/src/build/theta_pkgs/build/lib/theta_pkgs/utils/object_detection_evaluation_test.py -> /home/mecarill/ros2_ws/src/install/theta_pkgs/lib/python3.8/site-packages/theta_pkgs/utils
copying /home/mecarill/ros2_ws/src/build/theta_pkgs/build/lib/theta_pkgs/utils/np_box_mask_list_test.py -> /home/mecarill/ros2_ws/src/install/theta_pkgs/lib/python3.8/site-packages/theta_pkgs/utils
copying /home/mecarill/ros2_ws/src/build/theta_pkgs/build/lib/theta_pkgs/utils/test_utils.py -> /home/mecarill/ros2_ws/src/install/theta_pkgs/lib/python3.8/site-packages/theta_pkgs/utils
byte-compiling /home/mecarill/ros2_ws/src/install/theta_pkgs/lib/python3.8/site-packages/theta_pkgs/depth_coord_extract.py to depth_coord_extract.cpython-38.pyc
byte-compiling /home/mecarill/ros2_ws/src/install/theta_pkgs/lib/python3.8/site-packages/theta_pkgs/__init__.py to __init__.cpython-38.pyc
byte-compiling /home/mecarill/ros2_ws/src/install/theta_pkgs/lib/python3.8/site-packages/theta_pkgs/model_inference.py to model_inference.cpython-38.pyc
byte-compiling /home/mecarill/ros2_ws/src/install/theta_pkgs/lib/python3.8/site-packages/theta_pkgs/database_service.py to database_service.cpython-38.pyc
byte-compiling /home/mecarill/ros2_ws/src/install/theta_pkgs/lib/python3.8/site-packages/theta_pkgs/model_inference (copy).py to model_inference (copy).cpython-38.pyc
byte-compiling /home/mecarill/ros2_ws/src/install/theta_pkgs/lib/python3.8/site-packages/theta_pkgs/camera_output.py to camera_output.cpython-38.pyc
byte-compiling /home/mecarill/ros2_ws/src/install/theta_pkgs/lib/python3.8/site-packages/theta_pkgs/object_detection/exporter_lib_tf2_test.py to exporter_lib_tf2_test.cpython-38.pyc
byte-compiling /home/mecarill/ros2_ws/src/install/theta_pkgs/lib/python3.8/site-packages/theta_pkgs/object_detection/model_hparams.py to model_hparams.cpython-38.pyc
byte-compiling /home/mecarill/ros2_ws/src/install/theta_pkgs/lib/python3.8/site-packages/theta_pkgs/object_detection/export_tflite_ssd_graph.py to export_tflite_ssd_graph.cpython-38.pyc
byte-compiling /home/mecarill/ros2_ws/src/install/theta_pkgs/lib/python3.8/site-packages/theta_pkgs/object_detection/exporter.py to exporter.cpython-38.pyc
byte-compiling /home/mecarill/ros2_ws/src/install/theta_pkgs/lib/python3.8/site-packages/theta_pkgs/object_detection/inputs.py to inputs.cpython-38.pyc
byte-compiling /home/mecarill/ros2_ws/src/install/theta_pkgs/lib/python3.8/site-packages/theta_pkgs/object_detection/exporter_lib_v2.py to exporter_lib_v2.cpython-38.pyc
byte-compiling /home/mecarill/ros2_ws/src/install/theta_pkgs/lib/python3.8/site-packages/theta_pkgs/object_detection/export_tflite_ssd_graph_lib.py to export_tflite_ssd_graph_lib.cpython-38.pyc
byte-compiling /home/mecarill/ros2_ws/src/install/theta_pkgs/lib/python3.8/site-packages/theta_pkgs/object_detection/__init__.py to __init__.cpython-38.pyc
byte-compiling /home/mecarill/ros2_ws/src/install/theta_pkgs/lib/python3.8/site-packages/theta_pkgs/object_detection/model_lib_tf2_test.py to model_lib_tf2_test.cpython-38.pyc
byte-compiling /home/mecarill/ros2_ws/src/install/theta_pkgs/lib/python3.8/site-packages/theta_pkgs/object_detection/model_main_tf2.py to model_main_tf2.cpython-38.pyc
byte-compiling /home/mecarill/ros2_ws/src/install/theta_pkgs/lib/python3.8/site-packages/theta_pkgs/object_detection/model_lib_v2.py to model_lib_v2.cpython-38.pyc
byte-compiling /home/mecarill/ros2_ws/src/install/theta_pkgs/lib/python3.8/site-packages/theta_pkgs/object_detection/model_lib_tf1_test.py to model_lib_tf1_test.cpython-38.pyc
byte-compiling /home/mecarill/ros2_ws/src/install/theta_pkgs/lib/python3.8/site-packages/theta_pkgs/object_detection/eval_util.py to eval_util.cpython-38.pyc
byte-compiling /home/mecarill/ros2_ws/src/install/theta_pkgs/lib/python3.8/site-packages/theta_pkgs/object_detection/inputs_test.py to inputs_test.cpython-38.pyc
byte-compiling /home/mecarill/ros2_ws/src/install/theta_pkgs/lib/python3.8/site-packages/theta_pkgs/object_detection/exporter_tf1_test.py to exporter_tf1_test.cpython-38.pyc
byte-compiling /home/mecarill/ros2_ws/src/install/theta_pkgs/lib/python3.8/site-packages/theta_pkgs/object_detection/export_inference_graph.py to export_inference_graph.cpython-38.pyc
byte-compiling /home/mecarill/ros2_ws/src/install/theta_pkgs/lib/python3.8/site-packages/theta_pkgs/object_detection/model_tpu_main.py to model_tpu_main.cpython-38.pyc
byte-compiling /home/mecarill/ros2_ws/src/install/theta_pkgs/lib/python3.8/site-packages/theta_pkgs/object_detection/model_main.py to model_main.cpython-38.pyc
byte-compiling /home/mecarill/ros2_ws/src/install/theta_pkgs/lib/python3.8/site-packages/theta_pkgs/object_detection/exporter_main_v2.py to exporter_main_v2.cpython-38.pyc
byte-compiling /home/mecarill/ros2_ws/src/install/theta_pkgs/lib/python3.8/site-packages/theta_pkgs/object_detection/eval_util_test.py to eval_util_test.cpython-38.pyc
byte-compiling /home/mecarill/ros2_ws/src/install/theta_pkgs/lib/python3.8/site-packages/theta_pkgs/object_detection/model_lib.py to model_lib.cpython-38.pyc
byte-compiling /home/mecarill/ros2_ws/src/install/theta_pkgs/lib/python3.8/site-packages/theta_pkgs/object_detection/export_tflite_ssd_graph_lib_tf1_test.py to export_tflite_ssd_graph_lib_tf1_test.cpython-38.pyc
byte-compiling /home/mecarill/ros2_ws/src/install/theta_pkgs/lib/python3.8/site-packages/theta_pkgs/utils/np_box_list_ops_test.py to np_box_list_ops_test.cpython-38.pyc
byte-compiling /home/mecarill/ros2_ws/src/install/theta_pkgs/lib/python3.8/site-packages/theta_pkgs/utils/learning_schedules.py to learning_schedules.cpython-38.pyc
byte-compiling /home/mecarill/ros2_ws/src/install/theta_pkgs/lib/python3.8/site-packages/theta_pkgs/utils/shape_utils.py to shape_utils.cpython-38.pyc
byte-compiling /home/mecarill/ros2_ws/src/install/theta_pkgs/lib/python3.8/site-packages/theta_pkgs/utils/context_manager_test.py to context_manager_test.cpython-38.pyc
byte-compiling /home/mecarill/ros2_ws/src/install/theta_pkgs/lib/python3.8/site-packages/theta_pkgs/utils/learning_schedules_test.py to learning_schedules_test.cpython-38.pyc
byte-compiling /home/mecarill/ros2_ws/src/install/theta_pkgs/lib/python3.8/site-packages/theta_pkgs/utils/per_image_vrd_evaluation.py to per_image_vrd_evaluation.cpython-38.pyc
byte-compiling /home/mecarill/ros2_ws/src/install/theta_pkgs/lib/python3.8/site-packages/theta_pkgs/utils/dataset_util_test.py to dataset_util_test.cpython-38.pyc
byte-compiling /home/mecarill/ros2_ws/src/install/theta_pkgs/lib/python3.8/site-packages/theta_pkgs/utils/spatial_transform_ops_test.py to spatial_transform_ops_test.cpython-38.pyc
byte-compiling /home/mecarill/ros2_ws/src/install/theta_pkgs/lib/python3.8/site-packages/theta_pkgs/utils/np_box_ops_test.py to np_box_ops_test.cpython-38.pyc
byte-compiling /home/mecarill/ros2_ws/src/install/theta_pkgs/lib/python3.8/site-packages/theta_pkgs/utils/__init__.py to __init__.cpython-38.pyc
byte-compiling /home/mecarill/ros2_ws/src/install/theta_pkgs/lib/python3.8/site-packages/theta_pkgs/utils/bifpn_utils.py to bifpn_utils.cpython-38.pyc
byte-compiling /home/mecarill/ros2_ws/src/install/theta_pkgs/lib/python3.8/site-packages/theta_pkgs/utils/patch_ops.py to patch_ops.cpython-38.pyc
byte-compiling /home/mecarill/ros2_ws/src/install/theta_pkgs/lib/python3.8/site-packages/theta_pkgs/utils/label_map_util_test.py to label_map_util_test.cpython-38.pyc
byte-compiling /home/mecarill/ros2_ws/src/install/theta_pkgs/lib/python3.8/site-packages/theta_pkgs/utils/colab_utils.py to colab_utils.cpython-38.pyc
byte-compiling /home/mecarill/ros2_ws/src/install/theta_pkgs/lib/python3.8/site-packages/theta_pkgs/utils/np_mask_ops.py to np_mask_ops.cpython-38.pyc
byte-compiling /home/mecarill/ros2_ws/src/install/theta_pkgs/lib/python3.8/site-packages/theta_pkgs/utils/metrics.py to metrics.cpython-38.pyc
byte-compiling /home/mecarill/ros2_ws/src/install/theta_pkgs/lib/python3.8/site-packages/theta_pkgs/utils/vrd_evaluation.py to vrd_evaluation.cpython-38.pyc
byte-compiling /home/mecarill/ros2_ws/src/install/theta_pkgs/lib/python3.8/site-packages/theta_pkgs/utils/visualization_utils.py to visualization_utils.cpython-38.pyc
byte-compiling /home/mecarill/ros2_ws/src/install/theta_pkgs/lib/python3.8/site-packages/theta_pkgs/utils/np_box_list.py to np_box_list.cpython-38.pyc
byte-compiling /home/mecarill/ros2_ws/src/install/theta_pkgs/lib/python3.8/site-packages/theta_pkgs/utils/ops.py to ops.cpython-38.pyc
byte-compiling /home/mecarill/ros2_ws/src/install/theta_pkgs/lib/python3.8/site-packages/theta_pkgs/utils/dataset_util.py to dataset_util.cpython-38.pyc
byte-compiling /home/mecarill/ros2_ws/src/install/theta_pkgs/lib/python3.8/site-packages/theta_pkgs/utils/variables_helper_tf1_test.py to variables_helper_tf1_test.cpython-38.pyc
byte-compiling /home/mecarill/ros2_ws/src/install/theta_pkgs/lib/python3.8/site-packages/theta_pkgs/utils/autoaugment_utils.py to autoaugment_utils.cpython-38.pyc
byte-compiling /home/mecarill/ros2_ws/src/install/theta_pkgs/lib/python3.8/site-packages/theta_pkgs/utils/vrd_evaluation_test.py to vrd_evaluation_test.cpython-38.pyc
byte-compiling /home/mecarill/ros2_ws/src/install/theta_pkgs/lib/python3.8/site-packages/theta_pkgs/utils/np_box_list_ops.py to np_box_list_ops.cpython-38.pyc
byte-compiling /home/mecarill/ros2_ws/src/install/theta_pkgs/lib/python3.8/site-packages/theta_pkgs/utils/json_utils_test.py to json_utils_test.cpython-38.pyc
byte-compiling /home/mecarill/ros2_ws/src/install/theta_pkgs/lib/python3.8/site-packages/theta_pkgs/utils/variables_helper.py to variables_helper.cpython-38.pyc
byte-compiling /home/mecarill/ros2_ws/src/install/theta_pkgs/lib/python3.8/site-packages/theta_pkgs/utils/spatial_transform_ops.py to spatial_transform_ops.cpython-38.pyc
byte-compiling /home/mecarill/ros2_ws/src/install/theta_pkgs/lib/python3.8/site-packages/theta_pkgs/utils/tf_version.py to tf_version.cpython-38.pyc
byte-compiling /home/mecarill/ros2_ws/src/install/theta_pkgs/lib/python3.8/site-packages/theta_pkgs/utils/target_assigner_utils.py to target_assigner_utils.cpython-38.pyc
byte-compiling /home/mecarill/ros2_ws/src/install/theta_pkgs/lib/python3.8/site-packages/theta_pkgs/utils/patch_ops_test.py to patch_ops_test.cpython-38.pyc
byte-compiling /home/mecarill/ros2_ws/src/install/theta_pkgs/lib/python3.8/site-packages/theta_pkgs/utils/category_util_test.py to category_util_test.cpython-38.pyc
byte-compiling /home/mecarill/ros2_ws/src/install/theta_pkgs/lib/python3.8/site-packages/theta_pkgs/utils/test_case_test.py to test_case_test.cpython-38.pyc
byte-compiling /home/mecarill/ros2_ws/src/install/theta_pkgs/lib/python3.8/site-packages/theta_pkgs/utils/np_box_list_test.py to np_box_list_test.cpython-38.pyc
byte-compiling /home/mecarill/ros2_ws/src/install/theta_pkgs/lib/python3.8/site-packages/theta_pkgs/utils/category_util.py to category_util.cpython-38.pyc
byte-compiling /home/mecarill/ros2_ws/src/install/theta_pkgs/lib/python3.8/site-packages/theta_pkgs/utils/np_box_mask_list.py to np_box_mask_list.cpython-38.pyc
byte-compiling /home/mecarill/ros2_ws/src/install/theta_pkgs/lib/python3.8/site-packages/theta_pkgs/utils/shape_utils_test.py to shape_utils_test.cpython-38.pyc
byte-compiling /home/mecarill/ros2_ws/src/install/theta_pkgs/lib/python3.8/site-packages/theta_pkgs/utils/test_case.py to test_case.cpython-38.pyc
byte-compiling /home/mecarill/ros2_ws/src/install/theta_pkgs/lib/python3.8/site-packages/theta_pkgs/utils/np_box_mask_list_ops_test.py to np_box_mask_list_ops_test.cpython-38.pyc
byte-compiling /home/mecarill/ros2_ws/src/install/theta_pkgs/lib/python3.8/site-packages/theta_pkgs/utils/metrics_test.py to metrics_test.cpython-38.pyc
byte-compiling /home/mecarill/ros2_ws/src/install/theta_pkgs/lib/python3.8/site-packages/theta_pkgs/utils/model_util_tf2_test.py to model_util_tf2_test.cpython-38.pyc
byte-compiling /home/mecarill/ros2_ws/src/install/theta_pkgs/lib/python3.8/site-packages/theta_pkgs/utils/ops_test.py to ops_test.cpython-38.pyc
byte-compiling /home/mecarill/ros2_ws/src/install/theta_pkgs/lib/python3.8/site-packages/theta_pkgs/utils/config_util_test.py to config_util_test.cpython-38.pyc
byte-compiling /home/mecarill/ros2_ws/src/install/theta_pkgs/lib/python3.8/site-packages/theta_pkgs/utils/model_util.py to model_util.cpython-38.pyc
byte-compiling /home/mecarill/ros2_ws/src/install/theta_pkgs/lib/python3.8/site-packages/theta_pkgs/utils/static_shape_test.py to static_shape_test.cpython-38.pyc
byte-compiling /home/mecarill/ros2_ws/src/install/theta_pkgs/lib/python3.8/site-packages/theta_pkgs/utils/label_map_util.py to label_map_util.cpython-38.pyc
byte-compiling /home/mecarill/ros2_ws/src/install/theta_pkgs/lib/python3.8/site-packages/theta_pkgs/utils/np_box_mask_list_ops.py to np_box_mask_list_ops.cpython-38.pyc
byte-compiling /home/mecarill/ros2_ws/src/install/theta_pkgs/lib/python3.8/site-packages/theta_pkgs/utils/context_manager.py to context_manager.cpython-38.pyc
byte-compiling /home/mecarill/ros2_ws/src/install/theta_pkgs/lib/python3.8/site-packages/theta_pkgs/utils/visualization_utils_test.py to visualization_utils_test.cpython-38.pyc
byte-compiling /home/mecarill/ros2_ws/src/install/theta_pkgs/lib/python3.8/site-packages/theta_pkgs/utils/np_mask_ops_test.py to np_mask_ops_test.cpython-38.pyc
byte-compiling /home/mecarill/ros2_ws/src/install/theta_pkgs/lib/python3.8/site-packages/theta_pkgs/utils/per_image_evaluation_test.py to per_image_evaluation_test.cpython-38.pyc
byte-compiling /home/mecarill/ros2_ws/src/install/theta_pkgs/lib/python3.8/site-packages/theta_pkgs/utils/per_image_vrd_evaluation_test.py to per_image_vrd_evaluation_test.cpython-38.pyc
byte-compiling /home/mecarill/ros2_ws/src/install/theta_pkgs/lib/python3.8/site-packages/theta_pkgs/utils/target_assigner_utils_test.py to target_assigner_utils_test.cpython-38.pyc
byte-compiling /home/mecarill/ros2_ws/src/install/theta_pkgs/lib/python3.8/site-packages/theta_pkgs/utils/test_utils_test.py to test_utils_test.cpython-38.pyc
byte-compiling /home/mecarill/ros2_ws/src/install/theta_pkgs/lib/python3.8/site-packages/theta_pkgs/utils/np_box_ops.py to np_box_ops.cpython-38.pyc
byte-compiling /home/mecarill/ros2_ws/src/install/theta_pkgs/lib/python3.8/site-packages/theta_pkgs/utils/static_shape.py to static_shape.cpython-38.pyc
byte-compiling /home/mecarill/ros2_ws/src/install/theta_pkgs/lib/python3.8/site-packages/theta_pkgs/utils/config_util.py to config_util.cpython-38.pyc
byte-compiling /home/mecarill/ros2_ws/src/install/theta_pkgs/lib/python3.8/site-packages/theta_pkgs/utils/json_utils.py to json_utils.cpython-38.pyc
byte-compiling /home/mecarill/ros2_ws/src/install/theta_pkgs/lib/python3.8/site-packages/theta_pkgs/utils/object_detection_evaluation.py to object_detection_evaluation.cpython-38.pyc
byte-compiling /home/mecarill/ros2_ws/src/install/theta_pkgs/lib/python3.8/site-packages/theta_pkgs/utils/per_image_evaluation.py to per_image_evaluation.cpython-38.pyc
byte-compiling /home/mecarill/ros2_ws/src/install/theta_pkgs/lib/python3.8/site-packages/theta_pkgs/utils/object_detection_evaluation_test.py to object_detection_evaluation_test.cpython-38.pyc
byte-compiling /home/mecarill/ros2_ws/src/install/theta_pkgs/lib/python3.8/site-packages/theta_pkgs/utils/np_box_mask_list_test.py to np_box_mask_list_test.cpython-38.pyc
byte-compiling /home/mecarill/ros2_ws/src/install/theta_pkgs/lib/python3.8/site-packages/theta_pkgs/utils/test_utils.py to test_utils.cpython-38.pyc
running install_data
creating /home/mecarill/ros2_ws/src/install/theta_pkgs/share/ament_index
creating /home/mecarill/ros2_ws/src/install/theta_pkgs/share/ament_index/resource_index
creating /home/mecarill/ros2_ws/src/install/theta_pkgs/share/ament_index/resource_index/packages
copying resource/theta_pkgs -> /home/mecarill/ros2_ws/src/install/theta_pkgs/share/ament_index/resource_index/packages
copying package.xml -> /home/mecarill/ros2_ws/src/install/theta_pkgs/share/theta_pkgs
running install_egg_info
Copying ../build/theta_pkgs/theta_pkgs.egg-info to /home/mecarill/ros2_ws/src/install/theta_pkgs/lib/python3.8/site-packages/theta_pkgs-0.0.0-py3.8.egg-info
running install_scripts
Installing camera_output script to /home/mecarill/ros2_ws/src/install/theta_pkgs/lib/theta_pkgs
Installing depth_coord script to /home/mecarill/ros2_ws/src/install/theta_pkgs/lib/theta_pkgs
Installing model_inference script to /home/mecarill/ros2_ws/src/install/theta_pkgs/lib/theta_pkgs
writing list of installed files to '/home/mecarill/ros2_ws/src/build/theta_pkgs/install.log'
